<?xml version="1.0" encoding="UTF-8"?>
<testsuite xmlns:xsi="http://www.w3.org/2001/XMLSchema-instance" xsi:noNamespaceSchemaLocation="https://maven.apache.org/surefire/maven-surefire-plugin/xsd/surefire-test-report-3.0.xsd" version="3.0" name="calcul.CalculTest" time="0.088" tests="4" errors="1" skipped="0" failures="0">
  <properties>
[...]
</properties>
  <testcase name="testSomme" classname="calcul.CalculTest" time="0.03"/>
  <testcase name="testConstructeur" classname="calcul.CalculTest" time="0.001"/>
  <testcase name="testMaFonction" classname="calcul.CalculTest" time="0.001"/>
  <testcase name="testDivision" classname="calcul.CalculTest" time="0.044">
    <error message="b ne doit pas etre 0" type="java.lang.IllegalArgumentException">java.lang.IllegalArgumentException: b ne doit pas etre 0
	at calcul.CalculTest.testDivision(CalculTest.java:23)
</error>
  </testcase>
</testsuite>